C1: STRT 25
S: CASH 10
C1: BETT
S: LOOT 2
S: PLAY '0' 
S: DICE 25 '2' '4' '2' '1' '1'
C1: TAKE 25 0x01 0x02
S: DICE 25 '4' '1' '1' '2' '4'
C1: TAKE 25 0x00
S: DICE 25 '1' '5' '5' '1' '5'
S: PNTS 25 0
C2: STRT 111
S: CASH 10
C2: BETT
S: LOOT 2
S: PLAY '1' 
S: DICE 111 '6' '1' '4' '1' '4'
C2: TAKE 111 0x01 0x01
S: DICE 111 '6' '5' '1' '3' '6'
C2: TAKE 111 0x01 0x02
S: DICE 111 '6' '5' '5' '3' '4'
S: PNTS 111 8
S: WINS '1'
S: WINS '1'
S: CASH 8
S: CASH 12
C1: BETT
S: LOOT 2
S: PLAY '0' 
S: DICE 25 '2' '1' '3' '1' '3'
C1: TAKE 25 0x00
S: DICE 25 '2' '1' '6' '1' '4'
C1: TAKE 25 0x01 0x03
S: DICE 25 '1' '2' '6' '2' '1'
S: PNTS 25 0
C2: BETT
S: LOOT 2
S: PLAY '1' 
S: DICE 111 '5' '4' '2' '3' '5'
C2: TAKE 111 0x00
S: DICE 111 '6' '3' '5' '1' '4'
C2: TAKE 111 0x03 0x01 0x03 0x05
S: DICE 111 '6' '1' '5' '4' '4'
S: PNTS 111 5
S: WINS '1'
S: WINS '1'
S: CASH 6
S: CASH 14
C1: BETT
S: LOOT 2
S: PLAY '0' 
S: DICE 25 '5' '3' '5' '3' '1'
C1: TAKE 25 0x00
S: DICE 25 '1' '6' '2' '6' '6'
C1: TAKE 25 0x01 0x05
S: DICE 25 '4' '4' '4' '5' '6'
S: PNTS 25 8
C2: BETT
S: LOOT 2
S: PLAY '1' 
S: DICE 111 '3' '6' '2' '1' '2'
C2: TAKE 111 0x01 0x02
S: DICE 111 '6' '6' '2' '6' '3'
C2: TAKE 111 0x00
S: DICE 111 '4' '6' '3' '6' '2'
S: PNTS 111 0
S: WINS '0'
S: WINS '0'
S: ERRO '44' Connection reset by peer: socket write error
