C: STRT 25
S: CASH 6
C: BETT
S: LOOT 2
S: PLAY '0' 
S: DICE 25 '2' '4' '2' '2' '5'
C: PASS 25
S: PNTS 25 0
S: DICE 1010 '6' '3' '4' '2' '1'
S: TAKE 1010 0x01 0x00
S: DICE 1010 '6' '4' '4' '3' '3'
S: PASS 1010 
S: PNTS 1010 '0'
S: WINS '2'
S: CASH 4
C: BETT
S: LOOT 0
S: PLAY '0' 
S: DICE 25 '3' '1' '6' '3' '2'
C: PASS 25
S: PNTS 25 0
S: DICE 1010 '5' '3' '2' '4' '6'
S: TAKE 1010 0x03 0x04 0x00 0x03
S: DICE 1010 '5' '2' '3' '4' '6'
S: TAKE 1010 0x03 0x04 0x00 0x03
S: DICE 1010 '5' '4' '2' '4' '6'
S: PNTS 1010 '6'
S: WINS '1'
S: CASH 4
C: BETT
S: LOOT 2
S: PLAY '0' 
S: DICE 25 '3' '1' '1' '3' '1'
C: PASS 25
S: PNTS 25 0
S: DICE 1010 '1' '6' '5' '4' '4'
S: TAKE 1010 0x03 0x01 0x02 0x03
S: DICE 1010 '5' '6' '5' '4' '5'
S: TAKE 1010 0x03 0x01 0x02 0x03
S: DICE 1010 '3' '6' '5' '4' '6'
S: PNTS 1010 '9'
S: WINS '1'
S: CASH 2
C: BETT
S: LOOT 2
S: PLAY '0' 
S: DICE 25 '3' '5' '1' '1' '6'
C: PASS 25
S: PNTS 25 0
S: DICE 1010 '5' '6' '3' '3' '1'
S: TAKE 1010 0x02 0x01 0x00
S: DICE 1010 '5' '6' '2' '5' '6'
S: TAKE 1010 0x02 0x01 0x00
S: DICE 1010 '5' '6' '6' '3' '3'
S: PNTS 1010 '0'
S: WINS '2'
S: CASH 0
S: ERRO '37' You can't play because you are broke!
