C2: STRT 25
S: CASH 10
C2: BETT
S: LOOT 2
S: PLAY '1' 
S: DICE 25 '3' '3' '6' '5' '6'
C2: TAKE 25 0x02 0x05 0x04
S: DICE 25 '2' '6' '1' '5' '6'
C2: TAKE 25 0x00
S: DICE 25 '6' '6' '2' '5' '6'
S: PNTS 25 0
C1: STRT 111
S: CASH 10
C1: BETT
S: LOOT 2
S: PLAY '0' 
S: DICE 111 '2' '3' '5' '5' '3'
C1: TAKE 111 0x00
S: DICE 111 '2' '5' '6' '1' '1'
C1: TAKE 111 0x02 0x02 0x03
S: DICE 111 '4' '5' '6' '4' '3'
S: PNTS 111 7
S: WINS '0'
S: WINS '0'
S: CASH 8
S: CASH 12
C2: BETT
S: LOOT 2
S: PLAY '1' 
S: DICE 25 '5' '5' '6' '2' '4'
C2: TAKE 25 0x03 0x01 0x03 0x05
S: DICE 25 '5' '5' '6' '5' '4'
C2: TAKE 25 0x00
S: DICE 25 '5' '2' '6' '2' '4'
S: PNTS 25 4
C1: BETT
S: LOOT 2
S: PLAY '0' 
S: DICE 111 '1' '4' '1' '2' '5'
C1: TAKE 111 0x00
S: DICE 111 '2' '3' '1' '3' '2'
C1: TAKE 111 0x00
S: DICE 111 '2' '3' '6' '3' '4'
S: PNTS 111 0
S: WINS '1'
S: WINS '1'
S: CASH 10
S: CASH 10
C1: BETT
S: LOOT 2
S: PLAY '0' 
S: DICE 111 '2' '6' '5' '4' '1'
C1: TAKE 111 0x03 0x02 0x03 0x04
S: DICE 111 '6' '6' '5' '4' '2'
C1: TAKE 111 0x00
S: DICE 111 '3' '6' '5' '4' '6'
S: PNTS 111 9
C2: BETT
S: LOOT 2
S: PLAY '1' 
S: DICE 25 '4' '6' '4' '5' '5'
C2: TAKE 25 0x03 0x01 0x02 0x05
S: DICE 25 '4' '6' '4' '4' '5'
C2: TAKE 25 0x00
S: DICE 25 '4' '6' '1' '2' '5'
S: PNTS 25 3
S: WINS '0'
S: WINS '0'
S: CASH 12
S: CASH 8
C2: EXIT
S: ERRO '48' The other player left, aborting game and exiting
