C1: STRT 123
S: CASH 10
C1: BETT
S: LOOT 2
S: PLAY '0' 
S: DICE 123 '3' '4' '2' '1' '3'
S: PASS 123
S: PNTS 123 0
C2: STRT 111
S: CASH 10
C2: BETT
S: LOOT 2
S: PLAY '1' 
S: DICE 111 '3' '2' '5' '4' '2'
S: PASS 111
S: PNTS 111 0
S: WINS '2'
S: WINS '2'
S: CASH 10
S: CASH 10
C1: BETT
S: LOOT 2
S: PLAY '0' 
S: DICE -1 '6' '1' '3' '4' '4'
S: PASS 123
S: PNTS -1 0
C2: BETT
S: LOOT 2
S: PLAY '1' 
S: DICE -1 '5' '6' '1' '6' '1'
S: PASS 111
S: PNTS -1 0
S: WINS '2'
S: WINS '2'
S: CASH 10
S: CASH 10
C1: BETT
S: LOOT 2
S: PLAY '0' 
S: DICE -1 '6' '5' '5' '1' '2'
S: PASS 123
S: PNTS -1 0
C2: BETT
S: LOOT 2
S: PLAY '1' 
S: DICE -1 '2' '3' '5' '3' '1'
S: PASS 111
S: PNTS -1 0
S: WINS '2'
S: WINS '2'
S: CASH 10
S: CASH 10
C1: EXIT
S: ERRO '48' The other player left, aborting game and exiting
