C2: STRT 111
S: CASH 8
C2: BETT
S: LOOT 2
S: PLAY '1' 
S: DICE 111 '4' '4' '1' '3' '4'
C2: TAKE 111 0x00
S: DICE 111 '4' '5' '4' '4' '4'
C2: TAKE 111 0x00
S: DICE 111 '5' '1' '3' '6' '6'
S: PNTS 111 0
C1: STRT 25
S: CASH 8
C1: BETT
S: LOOT 2
S: PLAY '0' 
S: DICE 25 '6' '2' '2' '6' '6'
C1: TAKE 25 0x01 0x01
S: DICE 25 '6' '3' '6' '1' '3'
C1: TAKE 25 0x00
S: DICE 25 '6' '3' '3' '2' '6'
S: PNTS 25 0
S: WINS '2'
S: WINS '2'
S: CASH 6
S: CASH 6
C2: BETT
S: LOOT 2
S: PLAY '1' 
S: DICE 111 '4' '4' '1' '6' '3'
C2: TAKE 111 0x01 0x04
S: DICE 111 '1' '1' '2' '6' '4'
C2: TAKE 111 0x00
S: DICE 111 '4' '4' '2' '6' '5'
S: PNTS 111 6
C1: BETT
S: LOOT 2
S: PLAY '0' 
S: DICE 25 '6' '1' '3' '1' '3'
C1: TAKE 25 0x01 0x01
S: DICE 25 '6' '1' '5' '3' '1'
C1: TAKE 25 0x01 0x03
S: DICE 25 '6' '5' '5' '6' '1'
S: PNTS 25 0
S: WINS '1'
S: WINS '1'
S: CASH 14
S: CASH 6
C1: BETT
S: LOOT 2
S: PLAY '0' 
S: DICE 111 '1' '4' '4' '3' '6'
C1: TAKE 25 0x01 0x05
S: DICE 111 '1' '4' '1' '4' '6'
C1: TAKE 25 0x00
S: DICE 111 '4' '5' '2' '4' '6'
S: PNTS 111 6
C2: BETT
S: LOOT 2
S: PLAY '1' 
S: DICE 25 '3' '1' '5' '3' '5'
C2: TAKE 111 0x00
S: DICE 25 '5' '6' '5' '5' '4'
C2: TAKE 111 0x03 0x01 0x02 0x05
S: DICE 25 '5' '6' '3' '1' '4'
S: PNTS 25 4
S: WINS '0'
S: WINS '0'
S: CASH 16
S: CASH 4
