C: STRT 1234
S: CASH 10
C: BETT
S: LOOT 2
S: PLAY 0
S: DICE 1234 3 3 1 4 6
S: ERRO 11 Broken Pipe
S: ERRO 22 Command not understood
S: ERRO 11 Broken Pipe
S: ERRO 22 Command not understood
S: ERRO 11 Broken Pipe
S: ERRO 22 Command not understood
S: ERRO 11 Broken Pipe
S: ERRO 22 Command not understood
S: ERRO 11 Broken Pipe
S: ERRO 22 Command not understood
S: ERRO 11 Broken Pipe
S: ERRO 22 Command not understood
S: ERRO 11 Broken Pipe
S: ERRO 22 Command not understood
S: ERRO 11 Broken Pipe
S: ERRO 22 Command not understood
S: ERRO 11 Broken Pipe
S: ERRO 22 Command not understood
S: ERRO 11 Broken Pipe
