C1: STRT 7804
S: CASH 10
C1: BETT
S: LOOT 2
S: PLAY '0' 
S: DICE 7804 '6' '6' '3' '1' '5'
C1: TAKE 7804 0x02 0x01 0x05
S: DICE 7804 '6' '5' '5' '1' '5'
S: PASS 7804
S: PNTS 7804 0
C2: STRT 111
S: CASH 10
C2: BETT
S: LOOT 2
S: PLAY '1' 
S: DICE 111 '6' '4' '5' '5' '6'
C2: TAKE 111 0x03 0x01 0x02 0x03
S: DICE 111 '6' '4' '5' '2' '5'
C2: TAKE 111 0x00
S: DICE 111 '6' '4' '5' '5' '3'
S: PNTS 111 8
S: WINS '1'
S: WINS '1'
S: CASH 8
S: CASH 12
C1: EXIT
S: ERRO '48' The other player left, aborting game and exiting
