C: STRT 1234
S: CASH 10
C: BETT
S: LOOT 2
S: PLAY 0
S: DICE 1234 2 1 3 5 2
S: ERRO 11 Broken Pipe
S: ERRO 22 Command not understood
S: ERRO 11 Broken Pipe
S: ERRO 22 Command not understood
S: ERRO 11 Broken Pipe
S: ERRO 22 Command not understood
S: ERRO 11 Broken Pipe
S: ERRO 22 Command not understood
S: ERRO 11 Broken Pipe
S: ERRO 22 Command not understood
S: ERRO 11 Broken Pipe
S: ERRO 22 Command not understood
S: ERRO 11 Broken Pipe
S: ERRO 22 Command not understood
S: ERRO 11 Broken Pipe
S: ERRO 22 Command not understood
S: ERRO 11 Broken Pipe
S: ERRO 22 Command not understood
S: ERRO 11 Broken Pipe
S: ERRO 22 Command not understood
S: ERRO 11 Broken Pipe
S: ERRO 22 Command not understood
S: ERRO 11 Broken Pipe
