C: STRT 1001
S: CASH 10
C: BETT
S: LOOT 2
S: PLAY 0
S: DICE 1001 5 5 3 2 6
S: ERRO 11 Broken Pipe
S: ERRO 22 Command not understood
S: ERRO 11 Broken Pipe
S: ERRO 22 Command not understood
S: ERRO 11 Broken Pipe
S: ERRO 22 Command not understood
S: ERRO 11 Broken Pipe
S: ERRO 22 Command not understood
S: ERRO 11 Broken Pipe
S: ERRO 22 Command not understood
S: ERRO 11 Broken Pipe
S: ERRO 22 Command not understood
S: ERRO 11 Broken Pipe
S: ERRO 22 Command not understood
S: ERRO 11 Broken Pipe
S: ERRO 22 Command not understood
S: ERRO 11 Broken Pipe
S: ERRO 22 Command not understood
S: ERRO 11 Broken Pipe
S: ERRO 22 Command not understood
S: ERRO 11 Broken Pipe
S: ERRO 22 Command not understood
S: ERRO 11 Broken Pipe
