C1: STRT 25
S: CASH 10
C1: BETT
S: LOOT 2
S: PLAY '0' 
S: DICE 25 '4' '1' '1' '4' '2'
S: PASS 25
S: PNTS 25 0
C2: STRT 111
S: CASH 10
C2: BETT
S: LOOT 2
S: PLAY '1' 
S: DICE 111 '4' '6' '1' '3' '1'
S: PASS 111
S: PNTS 111 0
S: WINS '2'
S: WINS '2'
S: CASH 10
S: CASH 10
C1: BETT
S: LOOT 2
S: PLAY '0' 
S: DICE 25 '5' '6' '5' '5' '5'
S: PASS 25
S: PNTS 25 0
C2: BETT
S: LOOT 2
S: PLAY '1' 
S: DICE 111 '3' '5' '3' '6' '6'
S: PASS 111
S: PNTS 111 0
S: WINS '2'
S: WINS '2'
S: CASH 10
S: CASH 10
C1: BETT
S: LOOT 2
S: PLAY '0' 
S: DICE 25 '3' '2' '3' '1' '2'
S: PASS 25
S: PNTS 25 0
C2: BETT
S: LOOT 2
S: PLAY '1' 
S: DICE 111 '5' '3' '6' '4' '2'
S: PASS 111
S: PNTS 111 0
S: WINS '2'
S: WINS '2'
S: CASH 10
S: CASH 10
C1: BETT
S: LOOT 2
S: PLAY '0' 
S: DICE 25 '1' '3' '3' '3' '3'
S: PASS 25
S: PNTS 25 0
C2: BETT
S: LOOT 2
S: PLAY '1' 
S: DICE 111 '6' '1' '1' '2' '5'
S: PASS 111
S: PNTS 111 0
S: WINS '2'
S: WINS '2'
S: CASH 10
S: CASH 10
C1: BETT
S: LOOT 2
S: PLAY '0' 
S: DICE 25 '6' '2' '6' '1' '5'
S: PASS 25
S: PNTS 25 0
C2: BETT
S: LOOT 2
S: PLAY '1' 
S: DICE 111 '3' '2' '3' '4' '2'
S: PASS 111
S: PNTS 111 0
S: WINS '2'
S: WINS '2'
S: CASH 10
S: CASH 10
C1: EXIT
S: ERRO '48' The other player left, aborting game and exiting
