C: STRT 25
S: CASH 10
C: BETT
S: LOOT 2
S: PLAY '0' 
S: DICE 25 '5' '5' '4' '3' '5'
C: PASS 25
S: PNTS 25 0
S: DICE 1010 '4' '1' '2' '3' '1'
S: TAKE 1010 
S: DICE 1010 '1' '4' '4' '6' '1'
S: PASS 1010 
S: PNTS 1010 '0'
S: WINS '2'
S: CASH 8
C: BETT
S: LOOT 0
S: PLAY '0' 
S: DICE 25 '5' '1' '5' '5' '4'
C: PASS 25
S: PNTS 25 0
S: DICE 1010 '4' '4' '2' '2' '4'
S: TAKE 1010 
S: DICE 1010 '6' '6' '4' '5' '5'
S: TAKE 1010 0x03 0x00 0x03 0x02
S: DICE 1010 '6' '6' '4' '5' '3'
S: PNTS 1010 '9'
S: WINS '1'
S: CASH 8
C: BETT
S: LOOT 2
S: PLAY '0' 
S: DICE 25 '5' '2' '5' '6' '5'
C: PASS 25
S: PNTS 25 0
S: DICE 1010 '4' '1' '3' '6' '4'
S: TAKE 1010 0x01 0x03
S: DICE 1010 '4' '4' '5' '6' '5'
S: TAKE 1010 0x02 0x02 0x00
S: DICE 1010 '4' '2' '5' '6' '1'
S: PNTS 1010 '3'
S: WINS '1'
S: CASH 6
S: ERRO '35' Exiting due to error Read timed out
