C2: STRT 111
S: CASH 10
C2: BETT
S: LOOT 2
S: PLAY '1' 
S: DICE 111 '2' '3' '5' '5' '5'
C2: PASS 111
S: PNTS 111 0
C1: STRT 25
S: CASH 10
C1: BETT
S: LOOT 2
S: PLAY '0' 
S: DICE 25 '6' '5' '2' '6' '2'
C1: PASS 25
S: PNTS 25 0
S: WINS '2'
S: WINS '2'
S: CASH 8
S: CASH 8
C2: BETT
S: LOOT 0
S: PLAY '1' 
S: DICE 111 '3' '6' '4' '4' '6'
C2: PASS 111
S: PNTS 111 0
C1: BETT
S: LOOT 0
S: PLAY '0' 
S: DICE 25 '5' '5' '5' '5' '4'
C1: PASS 25
S: PNTS 25 0
S: WINS '2'
S: WINS '2'
S: CASH 8
S: CASH 8
C2: BETT
S: LOOT 0
S: PLAY '1' 
S: DICE 111 '3' '4' '5' '6' '2'
C2: PASS 111
S: PNTS 111 0
