C1: STRT 111
S: CASH 10
C1: BETT
S: LOOT 2
S: PLAY '0' 
S: DICE 111 '2' '4' '2' '1' '5'
C1: PASS 111
S: PNTS 111 0
C2: STRT 25
S: CASH 10
C2: BETT
S: LOOT 2
S: PLAY '1' 
S: DICE 25 '2' '5' '3' '2' '4'
C2: PASS 25
S: PNTS 25 0
S: WINS '2'
S: WINS '2'
S: CASH 8
S: CASH 8
C1: BETT
S: LOOT 2
S: PLAY '0' 
S: DICE 111 '6' '1' '5' '2' '5'
C1: PASS 111
S: PNTS 111 0
C2: BETT
S: LOOT 2
S: PLAY '1' 
S: DICE 25 '4' '1' '4' '5' '6'
C2: PASS 25
S: PNTS 25 0
S: WINS '2'
S: WINS '2'
S: CASH 8
S: CASH 8
C1: BETT
S: LOOT 2
S: PLAY '0' 
S: DICE 111 '4' '5' '6' '1' '6'
C1: PASS 111
S: PNTS 111 0
C2: BETT
S: LOOT 2
S: PLAY '1' 
S: DICE 25 '6' '1' '3' '1' '2'
C2: TAKE 25 0x01 0x01
S: DICE 25 '6' '6' '1' '5' '1'
C2: TAKE 25 0x01
S: DICE 25 '6' '4' '3' '3' '6'
S: PNTS 25 0
S: WINS '2'
S: WINS '2'
S: CASH 8
S: CASH 8
C1: BETT
S: LOOT 2
S: PLAY '0' 
S: DICE 111 '6' '5' '6' '4' '6'
C1: PASS 111
S: PNTS 111 0
