C2: STRT 25
S: CASH 10
C2: BETT
S: LOOT 2
S: PLAY '1' 
S: DICE 25 '2' '4' '2' '2' '3'
C2: TAKE 25 0x00
S: DICE 25 '3' '2' '3' '2' '6'
C2: TAKE 25 0x01 0x05
S: DICE 25 '1' '5' '4' '4' '6'
S: PNTS 25 5
C1: STRT 111
S: CASH 10
C1: BETT
S: LOOT 2
S: PLAY '0' 
S: DICE 111 '2' '3' '5' '4' '2'
C1: TAKE 111 0x00
S: DICE 111 '5' '4' '1' '6' '3'
C1: TAKE 111 0x03 0x01 0x02 0x04
S: DICE 111 '5' '4' '1' '6' '2'
S: PNTS 111 3
S: WINS '1'
S: WINS '1'
S: CASH 12
S: CASH 8
C1: BETT
S: LOOT 2
S: PLAY '0' 
S: DICE 25 '4' '2' '6' '5' '4'
C1: TAKE 111 0x03 0x01 0x03 0x04
S: DICE 25 '4' '4' '6' '5' '6'
C1: TAKE 111 0x00
S: DICE 25 '4' '1' '6' '5' '3'
S: PNTS 25 4
C2: BETT
S: LOOT 2
S: PLAY '1' 
S: DICE 111 '4' '4' '4' '1' '2'
C2: TAKE 25 0x00
S: DICE 111 '1' '2' '6' '1' '6'
C2: TAKE 25 0x01 0x05
S: DICE 111 '3' '4' '4' '1' '6'
S: PNTS 111 0
S: WINS '0'
S: WINS '0'
S: CASH 14
S: CASH 6
C2: BETT
S: LOOT 2
S: PLAY '1' 
S: DICE 25 '6' '6' '4' '5' '4'
C2: TAKE 25 0x03 0x01 0x03 0x04
S: DICE 25 '6' '5' '4' '5' '4'
C2: TAKE 25 0x00
S: DICE 25 '6' '6' '4' '5' '2'
S: PNTS 25 8
